<?xml version="1.0" encoding="UTF-8"?>
<!-- Generated by org.testng.reporters.JUnitReportReporter -->
<testsuite hostname="pc0735" failures="0" tests="2" name="TestNG.xml" time="0.009" errors="0" timestamp="2023-06-15T12:21:59 IST" skipped="0">
  <testcase classname="TestNG.xml" name="addData" time="0.002"/>
  <system-out/>
  <testcase classname="TestNG.xml" name="readData" time="0.007"/>
  <system-out/>
</testsuite> <!-- TestNG.xml -->
