<?xml version="1.0" encoding="UTF-8"?>
<!-- Generated by org.testng.reporters.JUnitReportReporter -->
<testsuite hostname="pc0557" failures="0" tests="1" name="Assertion" time="13.769" errors="0" timestamp="2023-06-15T11:51:38 IST" skipped="0">
  <testcase classname="Assertion" name="assertioninTestng" time="13.769"/>
  <system-out/>
</testsuite> <!-- Assertion -->
