<?xml version="1.0" encoding="UTF-8"?>
<!-- Generated by org.testng.reporters.JUnitReportReporter -->
<testsuite hostname="pc0735" failures="0" tests="2" name="TestNG.Parameterization" time="0.091" errors="0" timestamp="2023-06-16T15:02:23 IST" skipped="0">
  <testcase classname="TestNG.Parameterization" name="addData" time="0.081"/>
  <system-out/>
  <testcase classname="TestNG.Parameterization" name="readData" time="0.010"/>
  <system-out/>
</testsuite> <!-- TestNG.Parameterization -->
