<?xml version="1.0" encoding="UTF-8"?>
<!-- Generated by org.testng.reporters.JUnitReportReporter -->
<testsuite hostname="pc0735" failures="0" tests="1" name="accessingElements" time="9.677" errors="0" timestamp="2023-06-07T11:10:28 IST" skipped="0">
  <testcase classname="accessingElements" name="Tutorialslogin" time="9.677"/>
  <system-out/>
</testsuite> <!-- accessingElements -->
