<?xml version="1.0" encoding="UTF-8"?>
<!-- Generated by org.testng.reporters.JUnitReportReporter -->
<testsuite hostname="pc0735" failures="0" tests="3" name="TestNG.Paralleltests" time="25.582" errors="0" timestamp="2023-06-16T15:02:23 IST" skipped="0">
  <testcase classname="TestNG.Paralleltests" name="dropdown" time="14.619"/>
  <system-out/>
  <testcase classname="TestNG.Paralleltests" name="checkbox" time="7.205"/>
  <system-out/>
  <testcase classname="TestNG.Paralleltests" name="links" time="3.758"/>
  <system-out/>
</testsuite> <!-- TestNG.Paralleltests -->
