<?xml version="1.0" encoding="UTF-8"?>
<!-- Generated by org.testng.reporters.JUnitReportReporter -->
<testsuite hostname="pc0735" failures="0" tests="1" name="TestNG.Assertion" time="9.915" errors="0" timestamp="2023-06-16T15:02:23 IST" skipped="0">
  <testcase classname="TestNG.Assertion" name="assertioninTestng" time="9.915"/>
  <system-out/>
</testsuite> <!-- TestNG.Assertion -->
